[2017-11-09 17:40:57.392] [ERROR] error - { code: 'E1105',
  info: 'uncaught_web_err',
  msg: 'TypeError: Cannot read property \'item_overtime_afterAction_type\' of undefined\r\n' }
[2017-11-09 17:49:54.118] [ERROR] error - { code: 'E1105',
  info: 'uncaught_web_err',
  msg: 'MongoError: failed to connect to server [10.201.253.162:27017] on first connect [MongoError: connect ETIMEDOUT 10.201.253.162:27017]\r\n' }
[2017-11-10 15:46:36.316] [ERROR] error - { code: 'E1105',
  info: 'uncaught_web_err',
  msg: 'MongoError: failed to connect to server [192.168.9.48:27017] on first connect [MongoError: connect ETIMEDOUT 192.168.9.48:27017]\r\n' }
[2017-11-10 15:59:40.057] [ERROR] error - { code: 'E1105',
  info: 'uncaught_web_err',
  msg: 'MongoError: failed to connect to server [192.168.9.48:27017] on first connect [MongoError: connect ETIMEDOUT 192.168.9.48:27017]\r\n' }
[2017-11-10 16:56:52.829] [ERROR] error - { code: 'E1105',
  info: 'uncaught_web_err',
  msg: 'TypeError: Cannot read property \'login_password\' of undefined\r\n' }
[2017-11-10 17:02:03.265] [ERROR] error - { code: 'E1105',
  info: 'uncaught_web_err',
  msg: 'TypeError: Cannot read property \'org_belong\' of null\r\n' }
[2017-11-10 17:02:12.304] [ERROR] error - { code: 'E1105',
  info: 'uncaught_web_err',
  msg: 'TypeError: Cannot read property \'org_belong\' of null\r\n' }
[2017-11-13 14:06:23.303] [ERROR] error - { code: 'E1105',
  info: 'uncaught_web_err',
  msg: 'ReferenceError: resolve is not defined\r\n' }
[2017-11-13 14:09:10.729] [ERROR] error - { code: 'E1105',
  info: 'uncaught_web_err',
  msg: 'ReferenceError: resolve is not defined\r\n' }
[2017-11-13 14:12:20.532] [ERROR] error - { code: 'E1105',
  info: 'uncaught_web_err',
  msg: 'ReferenceError: resolve is not defined\r\n' }
[2017-11-13 14:13:46.384] [ERROR] error - { code: 'E1105',
  info: 'uncaught_web_err',
  msg: 'ReferenceError: resolve is not defined\r\n' }
[2017-11-13 14:50:41.037] [ERROR] error - { code: 'E1105',
  info: 'uncaught_web_err',
  msg: 'TypeError: Cannot read property \'login_password\' of undefined\r\n' }
[2017-11-13 14:50:54.533] [ERROR] error - { code: 'E1105',
  info: 'uncaught_web_err',
  msg: 'TypeError: Cannot read property \'login_password\' of undefined\r\n' }
[2017-11-13 14:52:13.050] [ERROR] error - { code: 'E1105',
  info: 'uncaught_web_err',
  msg: 'TypeError: Cannot read property \'login_password\' of undefined\r\n' }
[2017-11-13 14:52:44.389] [ERROR] error - { code: 'E1105',
  info: 'uncaught_web_err',
  msg: 'TypeError: Cannot read property \'login_password\' of undefined\r\n' }
[2017-11-13 14:53:42.918] [ERROR] error - { code: 'E1105',
  info: 'uncaught_web_err',
  msg: 'TypeError: Cannot read property \'org_belong\' of null\r\n' }
[2017-11-13 14:58:36.913] [ERROR] error - { code: 'E1105',
  info: 'uncaught_web_err',
  msg: 'TypeError: Cannot read property \'dict_code\' of null\r\n' }
[2017-11-13 14:58:58.637] [ERROR] error - { code: 'E1105',
  info: 'uncaught_web_err',
  msg: 'TypeError: Cannot read property \'dict_code\' of null\r\n' }
[2017-11-13 14:59:07.406] [ERROR] error - { code: 'E1105',
  info: 'uncaught_web_err',
  msg: 'TypeError: Cannot read property \'dict_code\' of null\r\n' }
[2017-11-13 14:59:18.326] [ERROR] error - { code: 'E1105',
  info: 'uncaught_web_err',
  msg: 'TypeError: Cannot read property \'dict_code\' of null\r\n' }
[2017-11-13 15:35:03.224] [ERROR] error - { code: 'E1105',
  info: 'uncaught_web_err',
  msg: 'TypeError: Cannot read property \'org_belong\' of null\r\n' }
[2017-11-13 15:35:29.705] [ERROR] error - { code: 'E1105',
  info: 'uncaught_web_err',
  msg: 'TypeError: Cannot read property \'org_belong\' of null\r\n' }
[2017-11-13 15:35:40.857] [ERROR] error - { code: 'E1105',
  info: 'uncaught_web_err',
  msg: 'TypeError: Cannot read property \'org_belong\' of null\r\n' }
[2017-11-13 15:37:54.000] [ERROR] error - { code: 'E1105',
  info: 'uncaught_web_err',
  msg: 'TypeError: Cannot read property \'org_belong\' of null\r\n' }
[2017-11-13 15:42:23.637] [ERROR] error - { code: 'E1105',
  info: 'uncaught_web_err',
  msg: 'TypeError: Cannot read property \'org_belong\' of null\r\n' }
[2017-11-13 16:34:24.143] [ERROR] error - { code: 'createProcess',
  info: '新增流程基本属性信息时出现异常',
  msg: '{"code":11000,"index":0,"errmsg":"E11000 duplicate key error collection: process.common_bpm_proc_base index: proc_code_1 dup key: { : \\"p-555\\" }","op":{"proc_code":"p-555","proc_name":"工单系统","proc_user":"","opt_time":"2017-11-13T08:34:24.129Z","memo":"","catalog":"","engine_version":"v1.0","status":"1","_id":"5a09591076817a2218512087","__v":0}}' }
[2017-11-14 10:12:05.979] [ERROR] error - { code: 'E1105',
  info: 'uncaught_web_err',
  msg: 'TypeError: Cannot read property \'type\' of undefined\r\n' }
[2017-11-14 10:25:41.634] [ERROR] error - { code: 'E1105',
  info: 'uncaught_web_err',
  msg: 'ReferenceError: processDefineDiv_node_2 is not defined\r\n' }
[2017-11-14 10:28:04.307] [ERROR] error - { code: 'E1105',
  info: 'uncaught_web_err',
  msg: 'TypeError: Cannot read property \'type\' of undefined\r\n' }
[2017-11-14 10:29:42.366] [ERROR] error - { code: 'E1105',
  info: 'uncaught_web_err',
  msg: 'TypeError: Cannot read property \'type\' of undefined\r\n' }
[2017-11-14 10:30:02.510] [ERROR] error - { code: 'E1105',
  info: 'uncaught_web_err',
  msg: 'TypeError: Cannot read property \'type\' of undefined\r\n' }
[2017-11-14 10:51:40.200] [ERROR] error - { code: 'E1105',
  info: 'uncaught_web_err',
  msg: 'TypeError: Cannot set property \'flag\' of undefined\r\n' }
[2017-11-14 10:52:23.725] [ERROR] error - { code: 'E1105',
  info: 'uncaught_web_err',
  msg: 'TypeError: Cannot read property \'name\' of undefined\r\n' }
[2017-11-14 10:54:23.470] [ERROR] error - { code: 'E1105',
  info: 'uncaught_web_err',
  msg: 'TypeError: Cannot read property \'name\' of undefined\r\n' }
[2017-11-14 10:54:37.631] [ERROR] error - { code: 'E1105',
  info: 'uncaught_web_err',
  msg: 'TypeError: Cannot read property \'name\' of undefined\r\n' }
[2017-11-14 10:55:54.084] [ERROR] error - { code: 'E1105',
  info: 'uncaught_web_err',
  msg: 'TypeError: Cannot read property \'name\' of undefined\r\n' }
[2017-11-14 10:56:19.739] [ERROR] error - { code: 'E1105',
  info: 'uncaught_web_err',
  msg: 'TypeError: Cannot read property \'name\' of undefined\r\n' }
[2017-11-14 11:04:26.590] [ERROR] error - { code: 'E1105',
  info: 'uncaught_web_err',
  msg: 'TypeError: Cannot read property \'name\' of undefined\r\n' }
[2017-11-14 14:12:57.119] [ERROR] error - { code: 'getProcessDefineByConditionMap',
  info: '获取流程定义信息时出现异常',
  msg: '{"message":"Cast to number failed for value \\"v1.0\\" at path \\"version\\" for model \\"CommonCoreProcessDefine\\"","name":"CastError","stringValue":"\\"v1.0\\"","kind":"number","value":"v1.0","path":"version"}' }
[2017-11-14 15:32:10.287] [ERROR] error - { code: 'E1105',
  info: 'uncaught_web_err',
  msg: 'TypeError: Cannot read property \'org_belong\' of null\r\n' }
[2017-11-14 15:32:30.527] [ERROR] error - { code: 'E1105',
  info: 'uncaught_web_err',
  msg: 'TypeError: Cannot read property \'org_belong\' of null\r\n' }
[2017-11-14 18:21:07.669] [ERROR] error - { code: 'E1105',
  info: 'uncaught_web_err',
  msg: 'ReferenceError: rs is not defined\r\n' }
[2017-11-14 18:21:52.067] [ERROR] error - { code: 'E1105',
  info: 'uncaught_web_err',
  msg: 'ReferenceError: rs is not defined\r\n' }
[2017-11-14 18:23:10.551] [ERROR] error - { code: 'E1105',
  info: 'uncaught_web_err',
  msg: 'ReferenceError: rs is not defined\r\n' }
[2017-11-14 18:24:24.037] [ERROR] error - { code: 'E1105',
  info: 'uncaught_web_err',
  msg: 'ReferenceError: rs is not defined\r\n' }
[2017-11-14 18:25:09.244] [ERROR] error - { code: 'E1105',
  info: 'uncaught_web_err',
  msg: 'ReferenceError: rs is not defined\r\n' }
[2017-11-14 18:27:11.251] [ERROR] error - { code: 'E1105',
  info: 'uncaught_web_err',
  msg: 'ReferenceError: rs is not defined\r\n' }
[2017-11-14 18:28:31.038] [ERROR] error - { code: 'E1105',
  info: 'uncaught_web_err',
  msg: 'ReferenceError: rs is not defined\r\n' }
[2017-11-14 18:32:37.392] [ERROR] error - { code: 'E1105',
  info: 'uncaught_web_err',
  msg: 'ReferenceError: rs is not defined\r\n' }
[2017-11-14 18:34:01.099] [ERROR] error - { code: 'E1105',
  info: 'uncaught_web_err',
  msg: 'ReferenceError: rs is not defined\r\n' }
[2017-11-15 15:52:50.074] [ERROR] error - { code: 'E1105',
  info: 'uncaught_web_err',
  msg: 'MongoError: failed to connect to server [192.168.9.48:27017] on first connect [MongoError: connect ETIMEDOUT 192.168.9.48:27017]\r\n' }
[2017-11-16 11:15:36.900] [ERROR] error - { code: 'E1105',
  info: 'uncaught_web_err',
  msg: 'TypeError: Cannot read property \'login_password\' of undefined\r\n' }
[2017-11-16 11:16:40.764] [ERROR] error - { code: 'E1105',
  info: 'uncaught_web_err',
  msg: 'TypeError: Cannot read property \'login_password\' of undefined\r\n' }
[2017-11-16 11:25:13.388] [ERROR] error - { code: 'E1105',
  info: 'uncaught_web_err',
  msg: 'TypeError: Cannot read property \'login_password\' of undefined\r\n' }
[2017-11-16 11:28:38.790] [ERROR] error - { code: 'E1105',
  info: 'uncaught_web_err',
  msg: 'TypeError: Cannot read property \'login_password\' of undefined\r\n' }
[2017-11-16 11:29:39.894] [ERROR] error - { code: 'E1105',
  info: 'uncaught_web_err',
  msg: 'TypeError: Cannot read property \'login_password\' of undefined\r\n' }
[2017-11-16 14:27:05.367] [ERROR] error - { code: 'E1105',
  info: 'uncaught_web_err',
  msg: 'TypeError: Cannot read property \'login_password\' of undefined\r\n' }
[2017-11-16 14:35:54.463] [ERROR] error - { code: 'E1105',
  info: 'uncaught_web_err',
  msg: 'TypeError: Cannot read property \'org_belong\' of null\r\n' }
[2017-11-16 16:53:00.020] [ERROR] error - { code: 'E1105',
  info: 'uncaught_web_err',
  msg: 'TypeError: Cannot read property \'org_belong\' of null\r\n' }
[2017-11-20 13:55:14.102] [ERROR] error - { code: 'E1105',
  info: 'uncaught_web_err',
  msg: 'TypeError: Cannot read property \'indexOf\' of undefined\r\n' }
[2017-11-20 13:57:54.792] [ERROR] error - { code: 'E1105',
  info: 'uncaught_web_err',
  msg: 'TypeError: Cannot read property \'indexOf\' of undefined\r\n' }
[2017-11-20 14:00:28.435] [ERROR] error - { code: 'E1105',
  info: 'uncaught_web_err',
  msg: 'TypeError: Cannot read property \'indexOf\' of undefined\r\n' }
[2017-11-20 14:01:16.728] [ERROR] error - { code: 'E1105',
  info: 'uncaught_web_err',
  msg: 'TypeError: Cannot read property \'indexOf\' of undefined\r\n' }
[2017-11-20 14:01:54.060] [ERROR] error - { code: 'E1105',
  info: 'uncaught_web_err',
  msg: 'TypeError: Cannot read property \'indexOf\' of undefined\r\n' }
[2017-11-20 16:06:18.261] [ERROR] error - { code: 'E1105',
  info: 'uncaught_web_err',
  msg: 'TypeError: Cannot read property \'indexOf\' of undefined\r\n' }
[2017-11-20 16:06:35.654] [ERROR] error - { code: 'E1105',
  info: 'uncaught_web_err',
  msg: 'TypeError: Cannot read property \'indexOf\' of undefined\r\n' }
[2017-11-20 16:10:55.783] [ERROR] error - { code: 'E1105',
  info: 'uncaught_web_err',
  msg: 'TypeError: Cannot read property \'indexOf\' of undefined\r\n' }
[2017-11-20 16:13:36.257] [ERROR] error - { code: 'E1105',
  info: 'uncaught_web_err',
  msg: 'TypeError: Cannot read property \'indexOf\' of undefined\r\n' }
[2017-11-20 19:03:24.901] [ERROR] error - { code: 'E1105',
  info: 'uncaught_web_err',
  msg: 'ReferenceError: params is not defined\r\n' }
[2017-11-21 18:33:20.220] [ERROR] error - { code: 'E1105',
  info: 'uncaught_web_err',
  msg: 'ReferenceError: nextNodes is not defined\r\n' }
[2017-11-21 18:40:15.340] [ERROR] error - { code: 'E1105',
  info: 'uncaught_web_err',
  msg: 'ReferenceError: innextLines is not defined\r\n' }
[2017-11-22 10:53:01.606] [ERROR] error - { code: 'route-createInstance',
  info: '创建流程实例异常',
  msg: '"获取流程信息失败 ReferenceError: proc_define is not defined"' }
[2017-11-22 11:04:42.153] [ERROR] error - { code: 'route-createInstance',
  info: '创建流程实例异常',
  msg: '"获取流程信息失败 TypeError: lines.splice is not a function"' }
[2017-11-22 11:08:36.188] [ERROR] error - { code: 'route-createInstance',
  info: '创建流程实例异常',
  msg: '"获取流程信息失败 RangeError: Maximum call stack size exceeded"' }
[2017-11-22 11:10:17.927] [ERROR] error - { code: 'route-createInstance',
  info: '创建流程实例异常',
  msg: '"获取流程信息失败 RangeError: Maximum call stack size exceeded"' }
[2017-11-22 11:13:29.852] [ERROR] error - { code: 'route-createInstance',
  info: '创建流程实例异常',
  msg: '"获取流程信息失败 RangeError: Maximum call stack size exceeded"' }
[2017-11-22 11:23:29.141] [ERROR] error - { code: 'route-createInstance',
  info: '创建流程实例异常',
  msg: '"获取流程信息失败 ReferenceError: circleFind2 is not defined"' }
[2017-11-22 15:04:40.930] [ERROR] error - { code: 'route-transfer', info: '流程流转异常', msg: '{}' }
[2017-11-22 15:06:31.725] [ERROR] error - { code: 'route-transfer', info: '流程流转异常', msg: '{}' }
[2017-11-22 15:58:14.840] [ERROR] error - { code: 'E1105',
  info: 'uncaught_web_err',
  msg: 'ReferenceError: money is not defined\r\n' }
[2017-11-22 15:58:35.191] [ERROR] error - { code: 'E1105',
  info: 'uncaught_web_err',
  msg: 'ReferenceError: money is not defined\r\n' }
[2017-11-22 17:23:37.345] [ERROR] error - { code: 'E1105',
  info: 'uncaught_web_err',
  msg: 'TypeError: Cannot read property \'item_node_var\' of undefined\r\n' }
[2017-11-22 17:27:04.679] [ERROR] error - { code: 'E1105',
  info: 'uncaught_web_err',
  msg: 'TypeError: Cannot read property \'item_node_var\' of undefined\r\n' }
[2017-11-22 17:32:21.968] [ERROR] error - { code: 'E1105',
  info: 'uncaught_web_err',
  msg: 'TypeError: Cannot read property \'item_node_var\' of undefined\r\n' }
[2017-11-22 17:33:11.861] [ERROR] error - { code: 'E1105',
  info: 'uncaught_web_err',
  msg: 'TypeError: Cannot read property \'item_node_var\' of undefined\r\n' }
[2017-11-22 17:50:30.483] [ERROR] error - { code: 'E1105',
  info: 'uncaught_web_err',
  msg: 'TypeError: Cannot read property \'item_node_var\' of undefined\r\n' }
[2017-11-22 17:54:46.165] [ERROR] error - { code: 'E1105',
  info: 'uncaught_web_err',
  msg: 'TypeError: Cannot read property \'item_node_var\' of undefined\r\n' }
[2017-11-22 17:57:23.794] [ERROR] error - { code: 'E1105',
  info: 'uncaught_web_err',
  msg: 'ReferenceError: error is not defined\r\n' }
[2017-11-23 15:08:53.383] [ERROR] error - { code: 'E1105',
  info: 'uncaught_web_err',
  msg: 'TypeError: Cannot read property \'user_roles\' of undefined\r\n' }
[2017-11-23 15:10:29.308] [ERROR] error - { code: 'E1105',
  info: 'uncaught_web_err',
  msg: 'TypeError: Cannot read property \'user_roles\' of undefined\r\n' }
[2017-11-23 15:11:27.628] [ERROR] error - { code: 'E1105',
  info: 'uncaught_web_err',
  msg: 'TypeError: Cannot read property \'user_roles\' of undefined\r\n' }
[2017-11-23 15:13:32.269] [ERROR] error - { code: 'E1105',
  info: 'uncaught_web_err',
  msg: 'TypeError: Cannot read property \'user_roles\' of undefined\r\n' }
[2017-11-23 15:15:00.787] [ERROR] error - { code: 'E1105',
  info: 'uncaught_web_err',
  msg: 'TypeError: Cannot read property \'user_roles\' of undefined\r\n' }
[2017-11-23 15:15:48.109] [ERROR] error - { code: 'E1105',
  info: 'uncaught_web_err',
  msg: 'TypeError: Cannot read property \'user_roles\' of undefined\r\n' }
[2017-11-23 15:18:54.131] [ERROR] error - { code: 'E1105',
  info: 'uncaught_web_err',
  msg: 'TypeError: Cannot read property \'user_roles\' of undefined\r\n' }
[2017-11-30 14:11:42.991] [ERROR] error - { code: 'E1105',
  info: 'uncaught_web_err',
  msg: 'MongoError: failed to connect to server [192.168.9.48:27017] on first connect [MongoError: connect ETIMEDOUT 192.168.9.48:27017]\r\n' }
[2017-12-04 09:42:09.691] [ERROR] error - { code: 'E1105',
  info: 'uncaught_web_err',
  msg: 'Error: ENOENT: no such file or directory, open \'E:\\gdgl\\code\\bpm\\bin\\public\\tmp\\upload_844c8f3d093bdc1165fa2c4cfd9c9a89\'\r\n' }
[2017-12-04 09:42:32.475] [ERROR] error - { code: 'E1105',
  info: 'uncaught_web_err',
  msg: 'Error: ENOENT: no such file or directory, open \'E:\\gdgl\\code\\bpm\\bin\\public\\upload_a36b2091a4eebb228d78af037ee2a9aa\'\r\n' }
[2017-12-04 09:42:57.981] [ERROR] error - { code: 'E1105',
  info: 'uncaught_web_err',
  msg: 'Error: ENOENT: no such file or directory, rename \'E:\\gdgl\\code\\bpm\\bin\\upload_1f2005f842b2071750178de78c016f5d\' -> \'E:\\gdgl\\code\\bpm\\bin\\public\\tmp\\1512351777000_渠道清单.xls\'\r\n' }
[2017-12-04 09:44:33.650] [ERROR] error - { code: 'E1105',
  info: 'uncaught_web_err',
  msg: 'Error: ENOENT: no such file or directory, open \'E:\\gdgl\\code\\bpm\\bin\\public\\tmp\\upload_e310f3c5fce69980ac76c0ddcacc8f39\'\r\n' }
[2017-12-04 09:44:53.848] [ERROR] error - { code: 'E1105',
  info: 'uncaught_web_err',
  msg: 'Error: ENOENT: no such file or directory, open \'E:\\gdgl\\code\\bpm\\public\\tmp\\upload_20f97507fb0db9a4490d802540ac591f\'\r\n' }
[2017-12-04 10:05:12.703] [ERROR] error - { code: 'E1105',
  info: 'uncaught_web_err',
  msg: 'TypeError: Cannot read property \'org_belong\' of null\r\n' }
[2017-12-04 10:27:32.799] [ERROR] error - { code: 'E1105',
  info: 'uncaught_web_err',
  msg: 'Error: ENOENT: no such file or directory, open \'E:\\gdgl\\code\\bpm\\public\\tmp\\upload_3596860bd8f1e9f040dfad66eebb26b8\'\r\n' }
[2017-12-04 10:27:55.010] [ERROR] error - { code: 'E1105',
  info: 'uncaught_web_err',
  msg: 'Error: ENOENT: no such file or directory, open \'E:\\gdgl\\code\\bpm\\public\\fiels\\user\\upload_b4703aba216c128ed90f2958163da79a\'\r\n' }
[2017-12-04 11:06:24.651] [ERROR] error - { code: 'E1105',
  info: 'uncaught_web_err',
  msg: 'Error: Can\'t set headers after they are sent.\r\n' }
[2017-12-04 11:06:53.290] [ERROR] error - { code: 'E1105',
  info: 'uncaught_web_err',
  msg: 'Error: Can\'t set headers after they are sent.\r\n' }
[2017-12-04 14:32:01.543] [ERROR] error - { code: 'E1105',
  info: 'uncaught_web_err',
  msg: 'ReferenceError: count_error is not defined\r\n' }
[2017-12-04 14:32:41.624] [ERROR] error - { code: 'E1105',
  info: 'uncaught_web_err',
  msg: 'Error: Can\'t set headers after they are sent.\r\n' }
[2017-12-04 14:34:03.080] [ERROR] error - { code: 'E1105',
  info: 'uncaught_web_err',
  msg: 'ReferenceError: count_error is not defined\r\n' }
[2017-12-04 14:44:38.953] [ERROR] error - { code: 'E1105',
  info: 'uncaught_web_err',
  msg: 'ReferenceError: count_error is not defined\r\n' }
[2017-12-04 14:45:09.983] [ERROR] error - { code: 'E1105',
  info: 'uncaught_web_err',
  msg: 'ReferenceError: count_error is not defined\r\n' }
[2017-12-04 14:45:34.923] [ERROR] error - { code: 'E1105',
  info: 'uncaught_web_err',
  msg: 'Error: Can\'t set headers after they are sent.\r\n' }
[2017-12-04 14:47:34.035] [ERROR] error - { code: 'E1105',
  info: 'uncaught_web_err',
  msg: 'Error: Can\'t set headers after they are sent.\r\n' }
[2017-12-04 14:51:43.805] [ERROR] error - { code: 'E1105',
  info: 'uncaught_web_err',
  msg: 'Error: Can\'t set headers after they are sent.\r\n' }
[2017-12-04 14:59:52.552] [ERROR] error - { code: 'E1105',
  info: 'uncaught_web_err',
  msg: 'Error: Can\'t set headers after they are sent.\r\n' }
[2017-12-04 15:00:35.154] [ERROR] error - { code: 'E1105',
  info: 'uncaught_web_err',
  msg: 'Error: Can\'t set headers after they are sent.\r\n' }
[2017-12-04 15:04:35.290] [ERROR] error - { code: 'E1105',
  info: 'uncaught_web_err',
  msg: 'Error: Can\'t set headers after they are sent.\r\n' }
[2017-12-04 15:05:04.437] [ERROR] error - { code: 'E1105',
  info: 'uncaught_web_err',
  msg: 'Error: Can\'t set headers after they are sent.\r\n' }
[2017-12-04 15:06:18.320] [ERROR] error - { code: 'E1105',
  info: 'uncaught_web_err',
  msg: 'Error: Can\'t set headers after they are sent.\r\n' }
[2017-12-04 15:07:54.185] [ERROR] error - { code: 'E1105',
  info: 'uncaught_web_err',
  msg: 'Error: Can\'t set headers after they are sent.\r\n' }
[2017-12-04 15:09:02.148] [ERROR] error - { code: 'E1105',
  info: 'uncaught_web_err',
  msg: 'Error: Can\'t set headers after they are sent.\r\n' }
[2017-12-04 15:12:50.110] [ERROR] error - { code: 'E1105',
  info: 'uncaught_web_err',
  msg: 'Error: Can\'t set headers after they are sent.\r\n' }
[2017-12-04 15:51:36.770] [ERROR] error - { code: 'E1105',
  info: 'uncaught_web_err',
  msg: 'ReferenceError: saveCount is not defined\r\n' }
[2017-12-04 15:52:15.057] [ERROR] error - { code: 'E1105',
  info: 'uncaught_web_err',
  msg: 'ReferenceError: saveCount is not defined\r\n' }
[2017-12-04 16:37:29.585] [ERROR] error - { code: 'E1105',
  info: 'uncaught_web_err',
  msg: 'Error: Can\'t set headers after they are sent.\r\n' }
[2017-12-04 16:38:49.746] [ERROR] error - { code: 'E1105',
  info: 'uncaught_web_err',
  msg: 'Error: Can\'t set headers after they are sent.\r\n' }
[2017-12-04 16:39:57.985] [ERROR] error - { code: 'E1105',
  info: 'uncaught_web_err',
  msg: 'Error: Can\'t set headers after they are sent.\r\n' }
[2017-12-04 16:44:31.688] [ERROR] error - { code: 'E1105',
  info: 'uncaught_web_err',
  msg: 'Error: Can\'t set headers after they are sent.\r\n' }
[2017-12-04 16:59:05.003] [ERROR] error - { code: 'E1105',
  info: 'uncaught_web_err',
  msg: 'TypeError: Cannot read property \'login_account\' of undefined\r\n' }
[2017-12-04 17:00:29.550] [ERROR] error - { code: 'E1105',
  info: 'uncaught_web_err',
  msg: 'Error: Can\'t set headers after they are sent.\r\n' }
[2017-12-04 17:04:07.092] [ERROR] error - { code: 'E1105',
  info: 'uncaught_web_err',
  msg: 'Error: Can\'t set headers after they are sent.\r\n' }
[2017-12-04 17:04:41.328] [ERROR] error - { code: 'E1105',
  info: 'uncaught_web_err',
  msg: 'Error: Can\'t set headers after they are sent.\r\n' }
[2017-12-04 17:05:53.138] [ERROR] error - { code: 'E1105',
  info: 'uncaught_web_err',
  msg: 'Error: Can\'t set headers after they are sent.\r\n' }
[2017-12-04 17:18:56.389] [ERROR] error - { code: 'E1105',
  info: 'uncaught_web_err',
  msg: 'Error: Can\'t set headers after they are sent.\r\n' }
[2017-12-04 17:26:02.549] [ERROR] error - { code: 'E1105',
  info: 'uncaught_web_err',
  msg: 'Error: Can\'t set headers after they are sent.\r\n' }
[2017-12-04 17:31:15.519] [ERROR] error - { code: 'E1105',
  info: 'uncaught_web_err',
  msg: 'TypeError: Cannot read property \'login_account\' of undefined\r\n' }
[2017-12-04 17:32:33.420] [ERROR] error - { code: 'E1105',
  info: 'uncaught_web_err',
  msg: 'Error: Can\'t set headers after they are sent.\r\n' }
[2017-12-04 17:33:47.704] [ERROR] error - { code: 'E1105',
  info: 'uncaught_web_err',
  msg: 'Error: Can\'t set headers after they are sent.\r\n' }
[2017-12-04 17:35:40.144] [ERROR] error - { code: 'E1105',
  info: 'uncaught_web_err',
  msg: 'Error: Can\'t set headers after they are sent.\r\n' }
[2017-12-04 17:42:59.194] [ERROR] error - { code: 'E1105',
  info: 'uncaught_web_err',
  msg: 'ReferenceError: Promsie is not defined\r\n' }
[2017-12-04 17:45:52.399] [ERROR] error - { code: 'E1105',
  info: 'uncaught_web_err',
  msg: 'TypeError: cb is not a function\r\n' }
[2017-12-04 17:59:30.400] [ERROR] error - { code: 'E1105',
  info: 'uncaught_web_err',
  msg: 'TypeError: Cannot read property \'login_account\' of undefined\r\n' }
[2017-12-04 18:18:48.058] [ERROR] error - { code: 'E1105',
  info: 'uncaught_web_err',
  msg: 'TypeError: Cannot read property \'login_account\' of undefined\r\n' }
[2017-12-04 18:19:17.495] [ERROR] error - { code: 'E1105',
  info: 'uncaught_web_err',
  msg: 'TypeError: Cannot read property \'login_account\' of undefined\r\n' }
[2017-12-04 18:20:26.630] [ERROR] error - { code: 'E1105',
  info: 'uncaught_web_err',
  msg: 'TypeError: Cannot read property \'login_account\' of undefined\r\n' }
[2017-12-04 18:21:00.853] [ERROR] error - { code: 'E1105',
  info: 'uncaught_web_err',
  msg: 'TypeError: Cannot read property \'2\' of undefined\r\n' }
[2017-12-06 09:38:50.388] [ERROR] error - { code: 'E1105',
  info: 'uncaught_web_err',
  msg: 'TypeError: Cannot read property \'org_belong_class\' of undefined\r\n' }
[2017-12-06 09:53:14.044] [ERROR] error - { code: 'E1105',
  info: 'uncaught_web_err',
  msg: 'TypeError: Cannot read property \'org_belong_class\' of undefined\r\n' }
[2017-12-11 15:18:01.123] [ERROR] error - { code: 'E1105',
  info: 'uncaught_web_err',
  msg: 'MongoError: failed to connect to server [192.168.9.48:27017] on first connect [MongoError: connect ETIMEDOUT 192.168.9.48:27017]\r\n' }
[2017-12-14 15:12:29.626] [ERROR] error - { code: 'E1105',
  info: 'uncaught_web_err',
  msg: 'TypeError: Cannot read property \'length\' of undefined\r\n' }
[2017-12-14 15:13:25.790] [ERROR] error - { code: 'E1105',
  info: 'uncaught_web_err',
  msg: 'TypeError: Cannot read property \'length\' of undefined\r\n' }
[2017-12-14 15:16:35.048] [ERROR] error - { code: 'E1105',
  info: 'uncaught_web_err',
  msg: 'TypeError: Cannot read property \'length\' of undefined\r\n' }
[2017-12-18 10:23:51.494] [ERROR] error - { code: 'E1105',
  info: 'uncaught_web_err',
  msg: 'TypeError: Cannot read property \'next_node\' of undefined\r\n' }
[2017-12-19 14:16:55.253] [ERROR] error - { code: 'route-transfer', info: '流程流转异常', msg: '{}' }
[2017-12-19 14:18:26.495] [ERROR] error - { code: 'route-transfer', info: '流程流转异常', msg: '{}' }
[2017-12-19 14:22:21.490] [ERROR] error - { code: 'route-transfer', info: '流程流转异常', msg: '{}' }
[2017-12-19 15:45:16.616] [ERROR] error - { code: 'route-transfer', info: '流程流转异常', msg: '{}' }
[2017-12-19 15:45:54.876] [ERROR] error - { code: 'route-transfer', info: '流程流转异常', msg: '{}' }
[2017-12-19 15:55:23.455] [ERROR] error - { code: 'route-transfer', info: '流程流转异常', msg: '{}' }
[2017-12-19 16:00:35.484] [ERROR] error - { code: 'route-transfer', info: '流程流转异常', msg: '{}' }
[2017-12-19 16:11:20.113] [ERROR] error - { code: 'route-transfer', info: '流程流转异常', msg: '{}' }
[2017-12-19 16:12:40.509] [ERROR] error - { code: 'route-transfer', info: '流程流转异常', msg: '{}' }
[2017-12-19 16:14:19.662] [ERROR] error - { code: 'route-transfer', info: '流程流转异常', msg: '{}' }
[2017-12-19 16:17:50.167] [ERROR] error - { code: 'route-transfer', info: '流程流转异常', msg: '{}' }
[2017-12-20 10:39:40.581] [ERROR] error - { code: 'E1105',
  info: 'uncaught_web_err',
  msg: 'ReferenceError: lines2 is not defined\r\n' }
[2017-12-20 15:59:48.282] [ERROR] error - { code: 'E1105',
  info: 'uncaught_web_err',
  msg: 'ReferenceError: success is not defined\r\n' }
[2017-12-20 23:02:56.529] [ERROR] error - { code: 'E1105',
  info: 'uncaught_web_err',
  msg: 'TypeError: mistake_model.$ProcessMistake.aggregate(...).match(...).group(...).group(...).count is not a function\r\n' }
[2017-12-22 15:29:40.783] [ERROR] error - { code: 'E1105',
  info: 'uncaught_web_err',
  msg: 'ReferenceError: org_pid is not defined\r\n' }
[2017-12-22 15:31:09.669] [ERROR] error - { code: 'E1105',
  info: 'uncaught_web_err',
  msg: 'ReferenceError: org_pid is not defined\r\n' }
[2017-12-25 09:52:17.317] [ERROR] error - { code: 'E1105',
  info: 'uncaught_web_err',
  msg: 'ReferenceError: e is not defined\r\n' }
[2017-12-25 10:47:14.014] [ERROR] error - { code: 'E1105',
  info: 'uncaught_web_err',
  msg: 'MongoError: failed to connect to server [192.168.9.48:27017] on first connect [MongoError: connect ETIMEDOUT 192.168.9.48:27017]\r\n' }
[2017-12-25 10:58:06.444] [ERROR] error - { code: 'E1105',
  info: 'uncaught_web_err',
  msg: 'ReferenceError: rs is not defined\r\n' }
[2017-12-25 11:26:57.729] [ERROR] error - { code: 'E1105',
  info: 'uncaught_web_err',
  msg: 'Error: Argument passed in must be a single String of 12 bytes or a string of 24 hex characters\r\n' }
[2017-12-25 11:27:50.309] [ERROR] error - { code: 'E1105',
  info: 'uncaught_web_err',
  msg: 'TypeError: Cannot read property \'0\' of undefined\r\n' }
[2017-12-25 16:19:26.333] [ERROR] error - { code: 'E1105',
  info: 'uncaught_web_err',
  msg: 'TypeError: Cannot read property \'0\' of undefined\r\n' }
[2017-12-25 16:20:36.155] [ERROR] error - { code: 'E1105',
  info: 'uncaught_web_err',
  msg: 'TypeError: Cannot read property \'0\' of undefined\r\n' }
[2017-12-25 16:21:01.026] [ERROR] error - { code: 'E1105',
  info: 'uncaught_web_err',
  msg: 'TypeError: Cannot read property \'0\' of undefined\r\n' }
[2017-12-25 16:36:48.938] [ERROR] error - { code: 'E1105',
  info: 'uncaught_web_err',
  msg: 'TypeError: Cannot read property \'0\' of undefined\r\n' }
[2017-12-26 19:56:57.058] [ERROR] error - { code: 'E1105',
  info: 'uncaught_web_err',
  msg: 'MongoError: failed to connect to server [192.168.9.48:27017] on first connect [MongoError: connect ETIMEDOUT 192.168.9.48:27017]\r\n' }
[2017-12-26 21:31:29.530] [ERROR] error - { code: 'E1105',
  info: 'uncaught_web_err',
  msg: 'TypeError: Cannot read property \'count\' of undefined\r\n' }
[2017-12-26 21:32:20.965] [ERROR] error - { code: 'E1105',
  info: 'uncaught_web_err',
  msg: 'ReferenceError: consoel is not defined\r\n' }
[2017-12-26 21:32:40.869] [ERROR] error - { code: 'E1105',
  info: 'uncaught_web_err',
  msg: 'TypeError: Cannot read property \'count\' of undefined\r\n' }
[2017-12-28 11:11:00.452] [ERROR] error - { code: 'E1105',
  info: 'uncaught_web_err',
  msg: 'TypeError: Cannot read property \'item_sms_warn\' of undefined\r\n' }
[2017-12-28 18:02:50.176] [ERROR] error - { code: 'E1105',
  info: 'uncaught_web_err',
  msg: 'ReferenceError: proc_code is not defined\r\n' }
[2017-12-29 09:53:32.643] [ERROR] error - { code: 'E1105',
  info: 'uncaught_web_err',
  msg: 'TypeError: Cannot read property \'proc_name\' of undefined\r\n' }
[2018-01-03 09:12:07.664] [ERROR] error - { code: 'E1105',
  info: 'uncaught_web_err',
  msg: 'TypeError: Cannot read property \'substr\' of undefined\r\n' }
[2018-01-03 09:13:39.422] [ERROR] error - { code: 'E1105',
  info: 'uncaught_web_err',
  msg: 'TypeError: Cannot read property \'substr\' of undefined\r\n' }
[2018-01-03 09:14:43.054] [ERROR] error - { code: 'E1105',
  info: 'uncaught_web_err',
  msg: 'TypeError: Cannot read property \'substr\' of undefined\r\n' }
[2018-01-03 12:47:37.033] [ERROR] error - { code: 'E1105',
  info: 'uncaught_web_err',
  msg: 'Error: ENOENT: no such file or directory, rename \'E:\\gdgl\\code\\bpm\\public\\files\\mistake\\28c926e0a37beb33edc1ea1df7573afe\' -> \'E:\\gdgl\\code\\bpm\\public\\files\\mistake\\20180103124737\\会议记录.txt\'\r\n' }
[2018-01-03 12:48:19.764] [ERROR] error - { code: 'E1105',
  info: 'uncaught_web_err',
  msg: 'Error: ENOENT: no such file or directory, rename \'E:\\gdgl\\code\\bpm\\public\\files\\mistake\\a1df98a3015c616da8a870ab544fdc1b\' -> \'E:\\gdgl\\code\\bpm\\public\\files\\mistake\\20180103124819\\接口文档.docx\'\r\n' }
[2018-01-03 12:50:03.903] [ERROR] error - { code: 'E1105',
  info: 'uncaught_web_err',
  msg: 'Error: ENOENT: no such file or directory, rename \'E:\\gdgl\\code\\bpm\\public\\files\\mistake\\b97933f12be15775309491c17781ea83\' -> \'E:\\gdgl\\code\\bpm\\public\\files\\mistake\\20180103125003\\接口文档.docx\'\r\n' }
[2018-01-03 12:50:38.529] [ERROR] error - { code: 'E1105',
  info: 'uncaught_web_err',
  msg: 'Error: ENOENT: no such file or directory, rename \'E:\\gdgl\\code\\bpm\\public\\files\\mistake\\28c1866ec3bcb41e0b7db39474ff7707\' -> \'E:\\gdgl\\code\\bpm\\public\\files\\mistake\\20180103125038\\接口文档.docx\'\r\n' }
[2018-01-03 12:51:33.457] [ERROR] error - { code: 'E1105',
  info: 'uncaught_web_err',
  msg: 'Error: ENOENT: no such file or directory, rename \'E:\\gdgl\\code\\bpm\\public\\files\\mistake\\875923ed74738dd4ee51ccac5e5f920e\' -> \'E:\\gdgl\\code\\bpm\\public\\files\\mistake\\20180103125133\\接口文档.docx\'\r\n' }
[2018-01-03 12:51:54.819] [ERROR] error - { code: 'E1105',
  info: 'uncaught_web_err',
  msg: 'Error: ENOENT: no such file or directory, rename \'E:\\gdgl\\code\\bpm\\public\\files\\mistake\\73b17239027e4d381cd20303c9d30c61\' -> \'E:\\gdgl\\code\\bpm\\public\\files\\mistake\\20180103125154\\接口文档.docx\'\r\n' }
[2018-01-03 13:29:27.936] [ERROR] error - { code: 'E1105',
  info: 'uncaught_web_err',
  msg: 'Error: ENOENT: no such file or directory, rename \'E:\\gdgl\\code\\bpm\\public\\files\\mistake\\59da03a97c5931ed1c0beca4bbcb0ac3\' -> \'E:\\gdgl\\code\\bpm\\public\\files\\mistake\\20180103132927\\接口文档.docx\'\r\n' }
[2018-01-03 13:30:07.452] [ERROR] error - { code: 'E1105',
  info: 'uncaught_web_err',
  msg: 'Error: ENOENT: no such file or directory, rename \'E:\\gdgl\\code\\bpm\\public\\files\\mistake\\aa68807cdbff18217e08e5f4c265ef95\' -> \'E:\\gdgl\\code\\bpm\\public\\files\\mistake\\20180103133007\\接口文档.docx\'\r\n' }
[2018-01-03 13:39:33.747] [ERROR] error - { code: 'E1105',
  info: 'uncaught_web_err',
  msg: 'Error: ENOENT: no such file or directory, rename \'E:\\gdgl\\code\\bpm\\public\\files\\mistake\\ac9f425d27fca5c8be7d388fd369a345\' -> \'E:\\gdgl\\code\\bpm\\public\\files\\mistake\\20180103133933\\接口文档.docx\'\r\n' }
[2018-01-03 14:40:01.920] [ERROR] error - { code: 'E1105',
  info: 'uncaught_web_err',
  msg: 'TypeError: res.set is not a function\r\n' }
[2018-01-03 14:40:53.153] [ERROR] error - { code: 'E1105',
  info: 'uncaught_web_err',
  msg: 'TypeError: The header content contains invalid characters\r\n' }
[2018-01-03 14:41:26.064] [ERROR] error - { code: 'E1105',
  info: 'uncaught_web_err',
  msg: 'Error: ENOENT: no such file or directory, stat \'E:\\public\\files\\mistake\\20180103140610\\会议记录.txt\'\r\n' }
[2018-01-03 14:42:07.188] [ERROR] error - { code: 'E1105',
  info: 'uncaught_web_err',
  msg: 'TypeError: The header content contains invalid characters\r\n' }
[2018-01-03 14:43:08.976] [ERROR] error - { code: 'E1105',
  info: 'uncaught_web_err',
  msg: 'TypeError: The header content contains invalid characters\r\n' }
[2018-01-03 14:43:25.025] [ERROR] error - { code: 'E1105',
  info: 'uncaught_web_err',
  msg: 'TypeError: The header content contains invalid characters\r\n' }
[2018-01-03 14:45:11.454] [ERROR] error - { code: 'E1105',
  info: 'uncaught_web_err',
  msg: 'ReferenceError: urlencode is not defined\r\n' }
[2018-01-03 14:45:28.219] [ERROR] error - { code: 'E1105',
  info: 'uncaught_web_err',
  msg: 'TypeError: The header content contains invalid characters\r\n' }
[2018-01-03 14:46:05.367] [ERROR] error - { code: 'E1105',
  info: 'uncaught_web_err',
  msg: 'TypeError: The header content contains invalid characters\r\n' }
[2018-01-03 15:43:57.483] [ERROR] error - { code: 'E1105',
  info: 'uncaught_web_err',
  msg: 'ReferenceError: file is not defined\r\n' }
